2022-07-26T19:32:22.423+0300 INFO GETTING CONNECTION
2022-07-26T19:32:47.608+0300 INFO GETTING CONNECTION
2022-07-26T19:37:34.840+0300 INFO GETTING CONNECTION
2022-07-26T19:38:40.487+0300 INFO GETTING CONNECTION
2022-07-26T19:39:58.774+0300 INFO GETTING CONNECTION
2022-07-28T12:18:44.418+0300 INFO GETTING CONNECTION
2022-07-28T13:16:27.844+0300 INFO GETTING CONNECTION
2022-07-28T13:16:27.880+0300 INFO GETTING CONNECTION
2022-07-28T13:43:32.413+0300 INFO GETTING CONNECTION
2022-07-28T13:43:32.446+0300 INFO GETTING CONNECTION
2022-07-28T13:45:45.288+0300 INFO GETTING CONNECTION
2022-07-28T13:45:45.307+0300 INFO GETTING CONNECTION
2022-07-28T14:12:03.067+0300 INFO GETTING CONNECTION
2022-07-28T14:12:03.087+0300 INFO GETTING CONNECTION
2022-07-28T14:12:03.198+0300 INFO GETTING CONNECTION
2022-07-28T14:15:25.671+0300 INFO GETTING CONNECTION
2022-07-28T14:15:25.692+0300 INFO GETTING CONNECTION
2022-07-28T14:15:25.798+0300 INFO GETTING CONNECTION
2022-07-28T14:15:49.634+0300 INFO GETTING CONNECTION
2022-07-28T14:15:49.656+0300 INFO GETTING CONNECTION
2022-07-28T14:15:49.770+0300 INFO GETTING CONNECTION
2022-07-28T14:18:52.796+0300 INFO GETTING CONNECTION
2022-07-28T14:18:52.821+0300 INFO GETTING CONNECTION
2022-07-28T14:18:52.942+0300 INFO GETTING CONNECTION
2022-07-28T14:19:48.633+0300 INFO GETTING CONNECTION
2022-07-28T14:19:48.655+0300 INFO GETTING CONNECTION
2022-07-28T14:19:48.759+0300 INFO GETTING CONNECTION
2022-07-28T14:25:39.141+0300 INFO GETTING CONNECTION
2022-07-28T14:25:39.165+0300 INFO GETTING CONNECTION
2022-07-28T14:25:39.277+0300 INFO GETTING CONNECTION
2022-07-28T14:26:37.447+0300 INFO GETTING CONNECTION
2022-07-28T14:26:37.484+0300 INFO GETTING CONNECTION
2022-07-28T14:26:37.687+0300 INFO GETTING CONNECTION
2022-07-28T14:26:54.286+0300 INFO GETTING CONNECTION
2022-07-28T14:26:54.310+0300 INFO GETTING CONNECTION
2022-07-28T14:26:54.418+0300 INFO GETTING CONNECTION
2022-07-28T14:27:30.830+0300 INFO GETTING CONNECTION
2022-07-28T14:27:30.850+0300 INFO GETTING CONNECTION
2022-07-28T14:27:30.960+0300 INFO GETTING CONNECTION
2022-07-28T14:28:02.316+0300 INFO GETTING CONNECTION
2022-07-28T14:28:02.340+0300 INFO GETTING CONNECTION
2022-07-28T14:28:02.444+0300 INFO GETTING CONNECTION
2022-07-28T14:28:58.091+0300 INFO GETTING CONNECTION
2022-07-28T14:28:58.111+0300 INFO GETTING CONNECTION
2022-07-28T14:28:58.216+0300 INFO GETTING CONNECTION
2022-07-28T14:29:11.999+0300 INFO GETTING CONNECTION
2022-07-28T14:29:12.026+0300 INFO GETTING CONNECTION
2022-07-28T14:29:12.143+0300 INFO GETTING CONNECTION
2022-07-28T14:29:38.825+0300 INFO GETTING CONNECTION
2022-07-28T14:29:38.868+0300 INFO GETTING CONNECTION
2022-07-28T14:29:38.973+0300 INFO GETTING CONNECTION
2022-07-28T14:32:18.268+0300 INFO GETTING CONNECTION
2022-07-28T14:32:18.290+0300 INFO GETTING CONNECTION
2022-07-28T14:32:18.416+0300 INFO GETTING CONNECTION
2022-07-28T14:32:38.884+0300 INFO GETTING CONNECTION
2022-07-28T14:32:38.923+0300 INFO GETTING CONNECTION
2022-07-28T14:32:39.034+0300 INFO GETTING CONNECTION
2022-07-28T14:33:14.830+0300 INFO GETTING CONNECTION
2022-07-28T14:33:14.852+0300 INFO GETTING CONNECTION
2022-07-28T14:33:14.952+0300 INFO GETTING CONNECTION
2022-07-28T14:33:31.858+0300 INFO GETTING CONNECTION
2022-07-28T14:33:31.883+0300 INFO GETTING CONNECTION
2022-07-28T14:33:32.002+0300 INFO GETTING CONNECTION
2022-07-28T14:37:28.448+0300 INFO GETTING CONNECTION
2022-07-28T14:37:28.480+0300 INFO GETTING CONNECTION
2022-07-28T14:37:48.296+0300 INFO GETTING CONNECTION
2022-07-28T14:37:48.321+0300 INFO GETTING CONNECTION
2022-07-28T14:37:55.029+0300 INFO GETTING CONNECTION
2022-07-28T14:37:55.052+0300 INFO GETTING CONNECTION
2022-07-28T15:07:22.213+0300 INFO GETTING CONNECTION
2022-07-28T15:07:22.240+0300 INFO GETTING CONNECTION
2022-07-28T15:09:41.045+0300 INFO GETTING CONNECTION
2022-07-28T15:09:41.083+0300 INFO GETTING CONNECTION
2022-07-28T15:10:02.988+0300 INFO GETTING CONNECTION
2022-07-28T15:10:03.013+0300 INFO GETTING CONNECTION
2022-07-28T15:12:44.054+0300 INFO GETTING CONNECTION
2022-07-28T15:12:44.074+0300 INFO GETTING CONNECTION
2022-07-28T15:28:33.054+0300 INFO GETTING CONNECTION
2022-07-28T15:28:33.100+0300 INFO GETTING CONNECTION
2022-07-29T14:38:25.098+0300 INFO Can not load properties from test folder, application running in tomcat
java.io.FileNotFoundException: src\test\resources\hikari.properties (Системе не удается найти указанный путь)
	at java.io.FileInputStream.open0(Native Method) ~[?:?]
	at java.io.FileInputStream.open(FileInputStream.java:212) ~[?:?]
	at java.io.FileInputStream.<init>(FileInputStream.java:154) ~[?:?]
	at java.io.FileInputStream.<init>(FileInputStream.java:109) ~[?:?]
	at com.kolosovskyi.agency.connection.PostgreSQLConnectionPool.readPropertiesInTestEnvironment(PostgreSQLConnectionPool.java:37) ~[classes/:?]
	at com.kolosovskyi.agency.connection.PostgreSQLConnectionPool.readProperties(PostgreSQLConnectionPool.java:28) ~[classes/:?]
	at com.kolosovskyi.agency.connection.PostgreSQLConnectionPool.<init>(PostgreSQLConnectionPool.java:23) ~[classes/:?]
	at com.kolosovskyi.agency.connection.PostgreSQLConnectionPool.<init>(PostgreSQLConnectionPool.java:17) ~[classes/:?]
	at com.kolosovskyi.agency.connection.PostgreSQLConnectionPool$ConnectionPoolHolder.<clinit>(PostgreSQLConnectionPool.java:59) ~[classes/:?]
	at com.kolosovskyi.agency.connection.PostgreSQLConnectionPool.getInstance(PostgreSQLConnectionPool.java:63) ~[classes/:?]
	at com.kolosovskyi.agency.dao.DiscountDAO.<init>(DiscountDAO.java:17) ~[classes/:?]
	at com.kolosovskyi.agency.Main.main(Main.java:8) ~[classes/:?]
2022-07-29T14:38:26.037+0300 INFO GETTING CONNECTION
